<?xml version="1.0" encoding="UTF-8"?>
<testsuite xmlns:xsi="http://www.w3.org/2001/XMLSchema-instance" xsi:noNamespaceSchemaLocation="https://maven.apache.org/surefire/maven-surefire-plugin/xsd/surefire-test-report-3.0.xsd" version="3.0" name="TestSuite" time="50.766" tests="2" errors="0" skipped="0" failures="0">
  <properties>
    <property name="gopherProxySet" value="false"/>
    <property name="awt.toolkit" value="sun.lwawt.macosx.LWCToolkit"/>
    <property name="java.specification.version" value="11"/>
    <property name="webdriver.chrome.driver" value="Driver/chromedriver/mac-arm64/125.0.6422.141/chromedriver"/>
    <property name="sun.cpu.isalist" value=""/>
    <property name="sun.jnu.encoding" value="UTF-8"/>
    <property name="java.class.path" value="/Users/nmsg459/Documents/Personal/MasterSeleniumFramework/target/test-classes:/Users/nmsg459/Documents/Personal/MasterSeleniumFramework/target/classes:/Users/nmsg459/.m2/repository/org/seleniumhq/selenium/selenium-java/4.15.0/selenium-java-4.15.0.jar:/Users/nmsg459/.m2/repository/org/seleniumhq/selenium/selenium-api/4.15.0/selenium-api-4.15.0.jar:/Users/nmsg459/.m2/repository/org/seleniumhq/selenium/selenium-chrome-driver/4.15.0/selenium-chrome-driver-4.15.0.jar:/Users/nmsg459/.m2/repository/com/google/auto/service/auto-service-annotations/1.1.1/auto-service-annotations-1.1.1.jar:/Users/nmsg459/.m2/repository/org/seleniumhq/selenium/selenium-chromium-driver/4.15.0/selenium-chromium-driver-4.15.0.jar:/Users/nmsg459/.m2/repository/org/seleniumhq/selenium/selenium-json/4.15.0/selenium-json-4.15.0.jar:/Users/nmsg459/.m2/repository/org/seleniumhq/selenium/selenium-manager/4.15.0/selenium-manager-4.15.0.jar:/Users/nmsg459/.m2/repository/org/seleniumhq/selenium/selenium-devtools-v117/4.15.0/selenium-devtools-v117-4.15.0.jar:/Users/nmsg459/.m2/repository/org/seleniumhq/selenium/selenium-devtools-v118/4.15.0/selenium-devtools-v118-4.15.0.jar:/Users/nmsg459/.m2/repository/org/seleniumhq/selenium/selenium-devtools-v119/4.15.0/selenium-devtools-v119-4.15.0.jar:/Users/nmsg459/.m2/repository/org/seleniumhq/selenium/selenium-devtools-v85/4.15.0/selenium-devtools-v85-4.15.0.jar:/Users/nmsg459/.m2/repository/org/seleniumhq/selenium/selenium-edge-driver/4.15.0/selenium-edge-driver-4.15.0.jar:/Users/nmsg459/.m2/repository/org/seleniumhq/selenium/selenium-firefox-driver/4.15.0/selenium-firefox-driver-4.15.0.jar:/Users/nmsg459/.m2/repository/org/seleniumhq/selenium/selenium-http/4.15.0/selenium-http-4.15.0.jar:/Users/nmsg459/.m2/repository/dev/failsafe/failsafe/3.3.2/failsafe-3.3.2.jar:/Users/nmsg459/.m2/repository/org/seleniumhq/selenium/selenium-ie-driver/4.15.0/selenium-ie-driver-4.15.0.jar:/Users/nmsg459/.m2/repository/org/seleniumhq/selenium/selenium-remote-driver/4.15.0/selenium-remote-driver-4.15.0.jar:/Users/nmsg459/.m2/repository/com/google/guava/guava/32.1.2-jre/guava-32.1.2-jre.jar:/Users/nmsg459/.m2/repository/com/google/guava/failureaccess/1.0.1/failureaccess-1.0.1.jar:/Users/nmsg459/.m2/repository/com/google/guava/listenablefuture/9999.0-empty-to-avoid-conflict-with-guava/listenablefuture-9999.0-empty-to-avoid-conflict-with-guava.jar:/Users/nmsg459/.m2/repository/com/google/code/findbugs/jsr305/3.0.2/jsr305-3.0.2.jar:/Users/nmsg459/.m2/repository/org/checkerframework/checker-qual/3.33.0/checker-qual-3.33.0.jar:/Users/nmsg459/.m2/repository/com/google/errorprone/error_prone_annotations/2.18.0/error_prone_annotations-2.18.0.jar:/Users/nmsg459/.m2/repository/com/google/j2objc/j2objc-annotations/2.8/j2objc-annotations-2.8.jar:/Users/nmsg459/.m2/repository/io/opentelemetry/opentelemetry-api/1.28.0/opentelemetry-api-1.28.0.jar:/Users/nmsg459/.m2/repository/io/opentelemetry/opentelemetry-context/1.28.0/opentelemetry-context-1.28.0.jar:/Users/nmsg459/.m2/repository/io/opentelemetry/opentelemetry-exporter-logging/1.28.0/opentelemetry-exporter-logging-1.28.0.jar:/Users/nmsg459/.m2/repository/io/opentelemetry/opentelemetry-sdk-metrics/1.28.0/opentelemetry-sdk-metrics-1.28.0.jar:/Users/nmsg459/.m2/repository/io/opentelemetry/opentelemetry-extension-incubator/1.28.0-alpha/opentelemetry-extension-incubator-1.28.0-alpha.jar:/Users/nmsg459/.m2/repository/io/opentelemetry/opentelemetry-sdk-logs/1.28.0/opentelemetry-sdk-logs-1.28.0.jar:/Users/nmsg459/.m2/repository/io/opentelemetry/opentelemetry-sdk-common/1.28.0/opentelemetry-sdk-common-1.28.0.jar:/Users/nmsg459/.m2/repository/io/opentelemetry/opentelemetry-sdk-extension-autoconfigure-spi/1.28.0/opentelemetry-sdk-extension-autoconfigure-spi-1.28.0.jar:/Users/nmsg459/.m2/repository/io/opentelemetry/opentelemetry-sdk-extension-autoconfigure/1.28.0/opentelemetry-sdk-extension-autoconfigure-1.28.0.jar:/Users/nmsg459/.m2/repository/io/opentelemetry/opentelemetry-api-events/1.28.0-alpha/opentelemetry-api-events-1.28.0-alpha.jar:/Users/nmsg459/.m2/repository/io/opentelemetry/opentelemetry-sdk-trace/1.28.0/opentelemetry-sdk-trace-1.28.0.jar:/Users/nmsg459/.m2/repository/io/opentelemetry/opentelemetry-sdk/1.28.0/opentelemetry-sdk-1.28.0.jar:/Users/nmsg459/.m2/repository/io/opentelemetry/opentelemetry-semconv/1.28.0-alpha/opentelemetry-semconv-1.28.0-alpha.jar:/Users/nmsg459/.m2/repository/net/bytebuddy/byte-buddy/1.14.5/byte-buddy-1.14.5.jar:/Users/nmsg459/.m2/repository/org/seleniumhq/selenium/selenium-os/4.15.0/selenium-os-4.15.0.jar:/Users/nmsg459/.m2/repository/org/apache/commons/commons-exec/1.3/commons-exec-1.3.jar:/Users/nmsg459/.m2/repository/org/seleniumhq/selenium/selenium-safari-driver/4.15.0/selenium-safari-driver-4.15.0.jar:/Users/nmsg459/.m2/repository/org/seleniumhq/selenium/selenium-support/4.15.0/selenium-support-4.15.0.jar:/Users/nmsg459/.m2/repository/org/testng/testng/7.8.0/testng-7.8.0.jar:/Users/nmsg459/.m2/repository/org/slf4j/slf4j-api/1.7.36/slf4j-api-1.7.36.jar:/Users/nmsg459/.m2/repository/com/beust/jcommander/1.82/jcommander-1.82.jar:/Users/nmsg459/.m2/repository/org/webjars/jquery/3.6.1/jquery-3.6.1.jar:/Users/nmsg459/.m2/repository/com/fasterxml/jackson/core/jackson-databind/2.15.3/jackson-databind-2.15.3.jar:/Users/nmsg459/.m2/repository/com/fasterxml/jackson/core/jackson-annotations/2.15.3/jackson-annotations-2.15.3.jar:/Users/nmsg459/.m2/repository/com/fasterxml/jackson/core/jackson-core/2.15.3/jackson-core-2.15.3.jar:/Users/nmsg459/.m2/repository/io/github/bonigarcia/webdrivermanager/5.6.3/webdrivermanager-5.6.3.jar:/Users/nmsg459/.m2/repository/com/google/code/gson/gson/2.10.1/gson-2.10.1.jar:/Users/nmsg459/.m2/repository/com/github/docker-java/docker-java/3.3.4/docker-java-3.3.4.jar:/Users/nmsg459/.m2/repository/com/github/docker-java/docker-java-core/3.3.4/docker-java-core-3.3.4.jar:/Users/nmsg459/.m2/repository/com/github/docker-java/docker-java-api/3.3.4/docker-java-api-3.3.4.jar:/Users/nmsg459/.m2/repository/commons-io/commons-io/2.13.0/commons-io-2.13.0.jar:/Users/nmsg459/.m2/repository/org/bouncycastle/bcpkix-jdk18on/1.76/bcpkix-jdk18on-1.76.jar:/Users/nmsg459/.m2/repository/org/bouncycastle/bcprov-jdk18on/1.76/bcprov-jdk18on-1.76.jar:/Users/nmsg459/.m2/repository/org/bouncycastle/bcutil-jdk18on/1.76/bcutil-jdk18on-1.76.jar:/Users/nmsg459/.m2/repository/org/slf4j/jcl-over-slf4j/1.7.30/jcl-over-slf4j-1.7.30.jar:/Users/nmsg459/.m2/repository/com/github/docker-java/docker-java-transport-httpclient5/3.3.4/docker-java-transport-httpclient5-3.3.4.jar:/Users/nmsg459/.m2/repository/com/github/docker-java/docker-java-transport/3.3.4/docker-java-transport-3.3.4.jar:/Users/nmsg459/.m2/repository/net/java/dev/jna/jna/5.13.0/jna-5.13.0.jar:/Users/nmsg459/.m2/repository/org/brotli/dec/0.1.2/dec-0.1.2.jar:/Users/nmsg459/.m2/repository/org/apache/commons/commons-lang3/3.14.0/commons-lang3-3.14.0.jar:/Users/nmsg459/.m2/repository/org/apache/commons/commons-compress/1.25.0/commons-compress-1.25.0.jar:/Users/nmsg459/.m2/repository/org/apache/httpcomponents/client5/httpclient5/5.2.1/httpclient5-5.2.1.jar:/Users/nmsg459/.m2/repository/org/apache/httpcomponents/core5/httpcore5/5.2/httpcore5-5.2.jar:/Users/nmsg459/.m2/repository/org/apache/httpcomponents/core5/httpcore5-h2/5.2/httpcore5-h2-5.2.jar:/Users/nmsg459/.m2/repository/io/rest-assured/rest-assured/5.4.0/rest-assured-5.4.0.jar:/Users/nmsg459/.m2/repository/org/apache/groovy/groovy/4.0.16/groovy-4.0.16.jar:/Users/nmsg459/.m2/repository/org/apache/groovy/groovy-xml/4.0.16/groovy-xml-4.0.16.jar:/Users/nmsg459/.m2/repository/org/apache/httpcomponents/httpclient/4.5.13/httpclient-4.5.13.jar:/Users/nmsg459/.m2/repository/org/apache/httpcomponents/httpcore/4.4.13/httpcore-4.4.13.jar:/Users/nmsg459/.m2/repository/commons-logging/commons-logging/1.2/commons-logging-1.2.jar:/Users/nmsg459/.m2/repository/commons-codec/commons-codec/1.11/commons-codec-1.11.jar:/Users/nmsg459/.m2/repository/org/apache/httpcomponents/httpmime/4.5.13/httpmime-4.5.13.jar:/Users/nmsg459/.m2/repository/org/hamcrest/hamcrest/2.2/hamcrest-2.2.jar:/Users/nmsg459/.m2/repository/org/ccil/cowan/tagsoup/tagsoup/1.2.1/tagsoup-1.2.1.jar:/Users/nmsg459/.m2/repository/io/rest-assured/json-path/5.4.0/json-path-5.4.0.jar:/Users/nmsg459/.m2/repository/org/apache/groovy/groovy-json/4.0.16/groovy-json-4.0.16.jar:/Users/nmsg459/.m2/repository/io/rest-assured/rest-assured-common/5.4.0/rest-assured-common-5.4.0.jar:/Users/nmsg459/.m2/repository/io/rest-assured/xml-path/5.4.0/xml-path-5.4.0.jar:/Users/nmsg459/.m2/repository/com/github/javafaker/javafaker/1.0.2/javafaker-1.0.2.jar:/Users/nmsg459/.m2/repository/org/yaml/snakeyaml/1.23/snakeyaml-1.23-android.jar:/Users/nmsg459/.m2/repository/com/github/mifmif/generex/1.0.2/generex-1.0.2.jar:/Users/nmsg459/.m2/repository/dk/brics/automaton/automaton/1.11-8/automaton-1.11-8.jar:/Users/nmsg459/.m2/repository/org/jsoup/jsoup/1.17.2/jsoup-1.17.2.jar:"/>
    <property name="java.vm.vendor" value="Oracle Corporation"/>
    <property name="sun.arch.data.model" value="64"/>
    <property name="java.vendor.url" value="https://openjdk.java.net/"/>
    <property name="user.timezone" value="Asia/Kolkata"/>
    <property name="java.vm.specification.version" value="11"/>
    <property name="os.name" value="Mac OS X"/>
    <property name="sun.java.launcher" value="SUN_STANDARD"/>
    <property name="user.country" value="IN"/>
    <property name="sun.boot.library.path" value="/Library/Java/JavaVirtualMachines/jdk-11.0.16.1.jdk/Contents/Home/lib"/>
    <property name="sun.java.command" value="/Users/nmsg459/Documents/Personal/MasterSeleniumFramework/target/surefire/surefirebooter-20240603161531922_3.jar /Users/nmsg459/Documents/Personal/MasterSeleniumFramework/target/surefire 2024-06-03T16-15-31_821-jvmRun1 surefire-20240603161531922_1tmp surefire_0-20240603161531922_2tmp"/>
    <property name="jdk.debug" value="release"/>
    <property name="surefire.test.class.path" value="/Users/nmsg459/Documents/Personal/MasterSeleniumFramework/target/test-classes:/Users/nmsg459/Documents/Personal/MasterSeleniumFramework/target/classes:/Users/nmsg459/.m2/repository/org/seleniumhq/selenium/selenium-java/4.15.0/selenium-java-4.15.0.jar:/Users/nmsg459/.m2/repository/org/seleniumhq/selenium/selenium-api/4.15.0/selenium-api-4.15.0.jar:/Users/nmsg459/.m2/repository/org/seleniumhq/selenium/selenium-chrome-driver/4.15.0/selenium-chrome-driver-4.15.0.jar:/Users/nmsg459/.m2/repository/com/google/auto/service/auto-service-annotations/1.1.1/auto-service-annotations-1.1.1.jar:/Users/nmsg459/.m2/repository/org/seleniumhq/selenium/selenium-chromium-driver/4.15.0/selenium-chromium-driver-4.15.0.jar:/Users/nmsg459/.m2/repository/org/seleniumhq/selenium/selenium-json/4.15.0/selenium-json-4.15.0.jar:/Users/nmsg459/.m2/repository/org/seleniumhq/selenium/selenium-manager/4.15.0/selenium-manager-4.15.0.jar:/Users/nmsg459/.m2/repository/org/seleniumhq/selenium/selenium-devtools-v117/4.15.0/selenium-devtools-v117-4.15.0.jar:/Users/nmsg459/.m2/repository/org/seleniumhq/selenium/selenium-devtools-v118/4.15.0/selenium-devtools-v118-4.15.0.jar:/Users/nmsg459/.m2/repository/org/seleniumhq/selenium/selenium-devtools-v119/4.15.0/selenium-devtools-v119-4.15.0.jar:/Users/nmsg459/.m2/repository/org/seleniumhq/selenium/selenium-devtools-v85/4.15.0/selenium-devtools-v85-4.15.0.jar:/Users/nmsg459/.m2/repository/org/seleniumhq/selenium/selenium-edge-driver/4.15.0/selenium-edge-driver-4.15.0.jar:/Users/nmsg459/.m2/repository/org/seleniumhq/selenium/selenium-firefox-driver/4.15.0/selenium-firefox-driver-4.15.0.jar:/Users/nmsg459/.m2/repository/org/seleniumhq/selenium/selenium-http/4.15.0/selenium-http-4.15.0.jar:/Users/nmsg459/.m2/repository/dev/failsafe/failsafe/3.3.2/failsafe-3.3.2.jar:/Users/nmsg459/.m2/repository/org/seleniumhq/selenium/selenium-ie-driver/4.15.0/selenium-ie-driver-4.15.0.jar:/Users/nmsg459/.m2/repository/org/seleniumhq/selenium/selenium-remote-driver/4.15.0/selenium-remote-driver-4.15.0.jar:/Users/nmsg459/.m2/repository/com/google/guava/guava/32.1.2-jre/guava-32.1.2-jre.jar:/Users/nmsg459/.m2/repository/com/google/guava/failureaccess/1.0.1/failureaccess-1.0.1.jar:/Users/nmsg459/.m2/repository/com/google/guava/listenablefuture/9999.0-empty-to-avoid-conflict-with-guava/listenablefuture-9999.0-empty-to-avoid-conflict-with-guava.jar:/Users/nmsg459/.m2/repository/com/google/code/findbugs/jsr305/3.0.2/jsr305-3.0.2.jar:/Users/nmsg459/.m2/repository/org/checkerframework/checker-qual/3.33.0/checker-qual-3.33.0.jar:/Users/nmsg459/.m2/repository/com/google/errorprone/error_prone_annotations/2.18.0/error_prone_annotations-2.18.0.jar:/Users/nmsg459/.m2/repository/com/google/j2objc/j2objc-annotations/2.8/j2objc-annotations-2.8.jar:/Users/nmsg459/.m2/repository/io/opentelemetry/opentelemetry-api/1.28.0/opentelemetry-api-1.28.0.jar:/Users/nmsg459/.m2/repository/io/opentelemetry/opentelemetry-context/1.28.0/opentelemetry-context-1.28.0.jar:/Users/nmsg459/.m2/repository/io/opentelemetry/opentelemetry-exporter-logging/1.28.0/opentelemetry-exporter-logging-1.28.0.jar:/Users/nmsg459/.m2/repository/io/opentelemetry/opentelemetry-sdk-metrics/1.28.0/opentelemetry-sdk-metrics-1.28.0.jar:/Users/nmsg459/.m2/repository/io/opentelemetry/opentelemetry-extension-incubator/1.28.0-alpha/opentelemetry-extension-incubator-1.28.0-alpha.jar:/Users/nmsg459/.m2/repository/io/opentelemetry/opentelemetry-sdk-logs/1.28.0/opentelemetry-sdk-logs-1.28.0.jar:/Users/nmsg459/.m2/repository/io/opentelemetry/opentelemetry-sdk-common/1.28.0/opentelemetry-sdk-common-1.28.0.jar:/Users/nmsg459/.m2/repository/io/opentelemetry/opentelemetry-sdk-extension-autoconfigure-spi/1.28.0/opentelemetry-sdk-extension-autoconfigure-spi-1.28.0.jar:/Users/nmsg459/.m2/repository/io/opentelemetry/opentelemetry-sdk-extension-autoconfigure/1.28.0/opentelemetry-sdk-extension-autoconfigure-1.28.0.jar:/Users/nmsg459/.m2/repository/io/opentelemetry/opentelemetry-api-events/1.28.0-alpha/opentelemetry-api-events-1.28.0-alpha.jar:/Users/nmsg459/.m2/repository/io/opentelemetry/opentelemetry-sdk-trace/1.28.0/opentelemetry-sdk-trace-1.28.0.jar:/Users/nmsg459/.m2/repository/io/opentelemetry/opentelemetry-sdk/1.28.0/opentelemetry-sdk-1.28.0.jar:/Users/nmsg459/.m2/repository/io/opentelemetry/opentelemetry-semconv/1.28.0-alpha/opentelemetry-semconv-1.28.0-alpha.jar:/Users/nmsg459/.m2/repository/net/bytebuddy/byte-buddy/1.14.5/byte-buddy-1.14.5.jar:/Users/nmsg459/.m2/repository/org/seleniumhq/selenium/selenium-os/4.15.0/selenium-os-4.15.0.jar:/Users/nmsg459/.m2/repository/org/apache/commons/commons-exec/1.3/commons-exec-1.3.jar:/Users/nmsg459/.m2/repository/org/seleniumhq/selenium/selenium-safari-driver/4.15.0/selenium-safari-driver-4.15.0.jar:/Users/nmsg459/.m2/repository/org/seleniumhq/selenium/selenium-support/4.15.0/selenium-support-4.15.0.jar:/Users/nmsg459/.m2/repository/org/testng/testng/7.8.0/testng-7.8.0.jar:/Users/nmsg459/.m2/repository/org/slf4j/slf4j-api/1.7.36/slf4j-api-1.7.36.jar:/Users/nmsg459/.m2/repository/com/beust/jcommander/1.82/jcommander-1.82.jar:/Users/nmsg459/.m2/repository/org/webjars/jquery/3.6.1/jquery-3.6.1.jar:/Users/nmsg459/.m2/repository/com/fasterxml/jackson/core/jackson-databind/2.15.3/jackson-databind-2.15.3.jar:/Users/nmsg459/.m2/repository/com/fasterxml/jackson/core/jackson-annotations/2.15.3/jackson-annotations-2.15.3.jar:/Users/nmsg459/.m2/repository/com/fasterxml/jackson/core/jackson-core/2.15.3/jackson-core-2.15.3.jar:/Users/nmsg459/.m2/repository/io/github/bonigarcia/webdrivermanager/5.6.3/webdrivermanager-5.6.3.jar:/Users/nmsg459/.m2/repository/com/google/code/gson/gson/2.10.1/gson-2.10.1.jar:/Users/nmsg459/.m2/repository/com/github/docker-java/docker-java/3.3.4/docker-java-3.3.4.jar:/Users/nmsg459/.m2/repository/com/github/docker-java/docker-java-core/3.3.4/docker-java-core-3.3.4.jar:/Users/nmsg459/.m2/repository/com/github/docker-java/docker-java-api/3.3.4/docker-java-api-3.3.4.jar:/Users/nmsg459/.m2/repository/commons-io/commons-io/2.13.0/commons-io-2.13.0.jar:/Users/nmsg459/.m2/repository/org/bouncycastle/bcpkix-jdk18on/1.76/bcpkix-jdk18on-1.76.jar:/Users/nmsg459/.m2/repository/org/bouncycastle/bcprov-jdk18on/1.76/bcprov-jdk18on-1.76.jar:/Users/nmsg459/.m2/repository/org/bouncycastle/bcutil-jdk18on/1.76/bcutil-jdk18on-1.76.jar:/Users/nmsg459/.m2/repository/org/slf4j/jcl-over-slf4j/1.7.30/jcl-over-slf4j-1.7.30.jar:/Users/nmsg459/.m2/repository/com/github/docker-java/docker-java-transport-httpclient5/3.3.4/docker-java-transport-httpclient5-3.3.4.jar:/Users/nmsg459/.m2/repository/com/github/docker-java/docker-java-transport/3.3.4/docker-java-transport-3.3.4.jar:/Users/nmsg459/.m2/repository/net/java/dev/jna/jna/5.13.0/jna-5.13.0.jar:/Users/nmsg459/.m2/repository/org/brotli/dec/0.1.2/dec-0.1.2.jar:/Users/nmsg459/.m2/repository/org/apache/commons/commons-lang3/3.14.0/commons-lang3-3.14.0.jar:/Users/nmsg459/.m2/repository/org/apache/commons/commons-compress/1.25.0/commons-compress-1.25.0.jar:/Users/nmsg459/.m2/repository/org/apache/httpcomponents/client5/httpclient5/5.2.1/httpclient5-5.2.1.jar:/Users/nmsg459/.m2/repository/org/apache/httpcomponents/core5/httpcore5/5.2/httpcore5-5.2.jar:/Users/nmsg459/.m2/repository/org/apache/httpcomponents/core5/httpcore5-h2/5.2/httpcore5-h2-5.2.jar:/Users/nmsg459/.m2/repository/io/rest-assured/rest-assured/5.4.0/rest-assured-5.4.0.jar:/Users/nmsg459/.m2/repository/org/apache/groovy/groovy/4.0.16/groovy-4.0.16.jar:/Users/nmsg459/.m2/repository/org/apache/groovy/groovy-xml/4.0.16/groovy-xml-4.0.16.jar:/Users/nmsg459/.m2/repository/org/apache/httpcomponents/httpclient/4.5.13/httpclient-4.5.13.jar:/Users/nmsg459/.m2/repository/org/apache/httpcomponents/httpcore/4.4.13/httpcore-4.4.13.jar:/Users/nmsg459/.m2/repository/commons-logging/commons-logging/1.2/commons-logging-1.2.jar:/Users/nmsg459/.m2/repository/commons-codec/commons-codec/1.11/commons-codec-1.11.jar:/Users/nmsg459/.m2/repository/org/apache/httpcomponents/httpmime/4.5.13/httpmime-4.5.13.jar:/Users/nmsg459/.m2/repository/org/hamcrest/hamcrest/2.2/hamcrest-2.2.jar:/Users/nmsg459/.m2/repository/org/ccil/cowan/tagsoup/tagsoup/1.2.1/tagsoup-1.2.1.jar:/Users/nmsg459/.m2/repository/io/rest-assured/json-path/5.4.0/json-path-5.4.0.jar:/Users/nmsg459/.m2/repository/org/apache/groovy/groovy-json/4.0.16/groovy-json-4.0.16.jar:/Users/nmsg459/.m2/repository/io/rest-assured/rest-assured-common/5.4.0/rest-assured-common-5.4.0.jar:/Users/nmsg459/.m2/repository/io/rest-assured/xml-path/5.4.0/xml-path-5.4.0.jar:/Users/nmsg459/.m2/repository/com/github/javafaker/javafaker/1.0.2/javafaker-1.0.2.jar:/Users/nmsg459/.m2/repository/org/yaml/snakeyaml/1.23/snakeyaml-1.23-android.jar:/Users/nmsg459/.m2/repository/com/github/mifmif/generex/1.0.2/generex-1.0.2.jar:/Users/nmsg459/.m2/repository/dk/brics/automaton/automaton/1.11-8/automaton-1.11-8.jar:/Users/nmsg459/.m2/repository/org/jsoup/jsoup/1.17.2/jsoup-1.17.2.jar:"/>
    <property name="sun.cpu.endian" value="little"/>
    <property name="user.home" value="/Users/nmsg459"/>
    <property name="user.language" value="en"/>
    <property name="java.specification.vendor" value="Oracle Corporation"/>
    <property name="java.version.date" value="2022-08-18"/>
    <property name="java.home" value="/Library/Java/JavaVirtualMachines/jdk-11.0.16.1.jdk/Contents/Home"/>
    <property name="file.separator" value="/"/>
    <property name="basedir" value="/Users/nmsg459/Documents/Personal/MasterSeleniumFramework"/>
    <property name="java.vm.compressedOopsMode" value="Zero based"/>
    <property name="line.separator" value="&#10;"/>
    <property name="java.specification.name" value="Java Platform API Specification"/>
    <property name="java.vm.specification.vendor" value="Oracle Corporation"/>
    <property name="java.awt.graphicsenv" value="sun.awt.CGraphicsEnvironment"/>
    <property name="surefire.real.class.path" value="/Users/nmsg459/Documents/Personal/MasterSeleniumFramework/target/surefire/surefirebooter-20240603161531922_3.jar"/>
    <property name="sun.management.compiler" value="HotSpot 64-Bit Tiered Compilers"/>
    <property name="java.runtime.version" value="11.0.16.1+1-LTS-1"/>
    <property name="user.name" value="nmsg459"/>
    <property name="path.separator" value=":"/>
    <property name="os.version" value="12.2"/>
    <property name="java.runtime.name" value="Java(TM) SE Runtime Environment"/>
    <property name="file.encoding" value="UTF-8"/>
    <property name="java.vm.name" value="Java HotSpot(TM) 64-Bit Server VM"/>
    <property name="java.vendor.version" value="18.9"/>
    <property name="localRepository" value="/Users/nmsg459/.m2/repository"/>
    <property name="java.vendor.url.bug" value="https://bugreport.java.com/bugreport/"/>
    <property name="java.io.tmpdir" value="/var/folders/qz/sdjqy5_j4151dnhz_d1p6ws8zz5p6z/T/"/>
    <property name="java.version" value="11.0.16.1"/>
    <property name="user.dir" value="/Users/nmsg459/Documents/Personal/MasterSeleniumFramework"/>
    <property name="os.arch" value="aarch64"/>
    <property name="java.vm.specification.name" value="Java Virtual Machine Specification"/>
    <property name="java.awt.printerjob" value="sun.lwawt.macosx.CPrinterJob"/>
    <property name="sun.os.patch.level" value="unknown"/>
    <property name="java.library.path" value="/Users/nmsg459/Library/Java/Extensions:/Library/Java/Extensions:/Network/Library/Java/Extensions:/System/Library/Java/Extensions:/usr/lib/java:."/>
    <property name="java.vendor" value="Oracle Corporation"/>
    <property name="java.vm.info" value="mixed mode"/>
    <property name="java.vm.version" value="11.0.16.1+1-LTS-1"/>
    <property name="sun.io.unicode.encoding" value="UnicodeBig"/>
    <property name="java.class.version" value="55.0"/>
  </properties>
  <testcase name="guestUserAndCheckoutUsingDirectBankTransfer" classname="org.selenium.pom.tests.MyFirstTestCase" time="29.513">
    <system-out><![CDATA[CURRENT THREAD 1 ,ChromeDriver: chrome on mac (2b92321d61be6d246450d41e53c3bd07)
Country Or State is not Present in DropDown 
Country Or State is not Present in DropDown 
Country Or State is not Present in DropDown 
Country Or State is not Present in DropDown 
Country Or State is not Present in DropDown 
Country Or State is not Present in DropDown 
Country Or State is not Present in DropDown 
Country Or State is not Present in DropDown 
Country Or State is not Present in DropDown 
Country Or State is not Present in DropDown 
Country Or State is not Present in DropDown 
Country Or State is not Present in DropDown 
Country Or State is not Present in DropDown 
Country Or State is not Present in DropDown 
Country Or State is not Present in DropDown 
Country Or State is not Present in DropDown 
Country Or State is not Present in DropDown 
Country Or State is not Present in DropDown 
Country Or State is not Present in DropDown 
Country Or State is not Present in DropDown 
Country Or State is not Present in DropDown 
Country Or State is not Present in DropDown 
Country Or State is not Present in DropDown 
Country Or State is not Present in DropDown 
Country Or State is not Present in DropDown 
Country Or State is not Present in DropDown 
Country Or State is not Present in DropDown 
Country Or State is not Present in DropDown 
Country Or State is not Present in DropDown 
Country Or State is not Present in DropDown 
Country Or State is not Present in DropDown 
Country Or State is not Present in DropDown 
Country Or State is not Present in DropDown 
Country Or State is not Present in DropDown 
Country Or State is not Present in DropDown 
Country Or State is not Present in DropDown 
Country Or State is not Present in DropDown 
Country Or State is not Present in DropDown 
Country Or State is not Present in DropDown 
Country Or State is not Present in DropDown 
Country Or State is not Present in DropDown 
Country Or State is not Present in DropDown 
Country Or State is not Present in DropDown 
Country Or State is not Present in DropDown 
Country Or State is not Present in DropDown 
Country Or State is not Present in DropDown 
Country Or State is not Present in DropDown 
Country Or State is not Present in DropDown 
Country Or State is not Present in DropDown 
Country Or State is not Present in DropDown 
Country Or State is not Present in DropDown 
Country Or State is not Present in DropDown 
Country Or State is not Present in DropDown 
Country Or State is not Present in DropDown 
Country Or State is not Present in DropDown 
Country Or State is not Present in DropDown 
Country Or State is not Present in DropDown 
Country Or State is not Present in DropDown 
Country Or State is not Present in DropDown 
Country Or State is not Present in DropDown 
Country Or State is not Present in DropDown 
Country Or State is not Present in DropDown 
Country Or State is not Present in DropDown 
Country Or State is not Present in DropDown 
Country Or State is not Present in DropDown 
Country Or State is not Present in DropDown 
Country Or State is not Present in DropDown 
Country Or State is not Present in DropDown 
Country Or State is not Present in DropDown 
Country Or State is not Present in DropDown 
Country Or State is not Present in DropDown 
Country Or State is not Present in DropDown 
Country Or State is not Present in DropDown 
Country Or State is not Present in DropDown 
Country Or State is not Present in DropDown 
Country Or State is not Present in DropDown 
Country Or State is not Present in DropDown 
Country Or State is not Present in DropDown 
Country Or State is not Present in DropDown 
Country Or State is not Present in DropDown 
Country Or State is not Present in DropDown 
Country Or State is not Present in DropDown 
Country Or State is not Present in DropDown 
Country Or State is not Present in DropDown 
Country Or State is not Present in DropDown 
Country Or State is not Present in DropDown 
Country Or State is not Present in DropDown 
Country Or State is not Present in DropDown 
Country Or State is not Present in DropDown 
Country Or State is not Present in DropDown 
Country Or State is not Present in DropDown 
Country Or State is not Present in DropDown 
Country Or State is not Present in DropDown 
Country Or State is not Present in DropDown 
Country Or State is not Present in DropDown 
Country Or State is not Present in DropDown 
Country Or State is not Present in DropDown 
Country Or State is not Present in DropDown 
Country Or State is not Present in DropDown 
Country Or State is not Present in DropDown 
Country Or State is not Present in DropDown 
Country Or State is not Present in DropDown 
Country Or State Present in DropDown and selected
Country Or State is not Present in DropDown 
Country Or State is not Present in DropDown 
Country Or State is not Present in DropDown 
Country Or State is not Present in DropDown 
Country Or State is not Present in DropDown 
Country Or State is not Present in DropDown 
Country Or State is not Present in DropDown 
Country Or State is not Present in DropDown 
Country Or State is not Present in DropDown 
Country Or State is not Present in DropDown 
Country Or State is not Present in DropDown 
Country Or State is not Present in DropDown 
Country Or State is not Present in DropDown 
Country Or State is not Present in DropDown 
Country Or State is not Present in DropDown 
Country Or State Present in DropDown and selected
Overlays Size2
Overlays is invisible 
]]></system-out>
    <system-err><![CDATA[SLF4J: Failed to load class "org.slf4j.impl.StaticLoggerBinder".
SLF4J: Defaulting to no-operation (NOP) logger implementation
SLF4J: See http://www.slf4j.org/codes.html#StaticLoggerBinder for further details.
Jun 03, 2024 4:15:36 PM org.openqa.selenium.devtools.CdpVersionFinder findNearestMatch
WARNING: Unable to find CDP implementation matching 125
Jun 03, 2024 4:15:36 PM org.openqa.selenium.chromium.ChromiumDriver lambda$new$5
WARNING: Unable to find version of CDP to use for 125.0.6422.113. You may need to include a dependency on a specific version of the CDP using something similar to `org.seleniumhq.selenium:selenium-devtools-v86:4.15.0` where the version ("v86") matches the version of the chromium-based browser you're using and the version number of the artifact is the same as Selenium's.
]]></system-err>
  </testcase>
  <testcase name="loginAndCheckoutUsingDirectBankTransfer" classname="org.selenium.pom.tests.MyFirstTestCase" time="14.351">
    <system-out><![CDATA[CURRENT THREAD 1 , ChromeDriver: chrome on mac (2b92321d61be6d246450d41e53c3bd07)
CURRENT THREAD 1 ,ChromeDriver: chrome on mac (8012d2493d372fe5cb7196df2e94608e)
Country Or State is not Present in DropDown 
Country Or State is not Present in DropDown 
Country Or State is not Present in DropDown 
Country Or State is not Present in DropDown 
Country Or State is not Present in DropDown 
Country Or State is not Present in DropDown 
Country Or State is not Present in DropDown 
Country Or State is not Present in DropDown 
Country Or State is not Present in DropDown 
Country Or State is not Present in DropDown 
Country Or State is not Present in DropDown 
Country Or State is not Present in DropDown 
Country Or State is not Present in DropDown 
Country Or State is not Present in DropDown 
Country Or State is not Present in DropDown 
Country Or State is not Present in DropDown 
Country Or State is not Present in DropDown 
Country Or State is not Present in DropDown 
Country Or State is not Present in DropDown 
Country Or State is not Present in DropDown 
Country Or State is not Present in DropDown 
Country Or State is not Present in DropDown 
Country Or State is not Present in DropDown 
Country Or State is not Present in DropDown 
Country Or State is not Present in DropDown 
Country Or State is not Present in DropDown 
Country Or State is not Present in DropDown 
Country Or State is not Present in DropDown 
Country Or State is not Present in DropDown 
Country Or State is not Present in DropDown 
Country Or State is not Present in DropDown 
Country Or State is not Present in DropDown 
Country Or State is not Present in DropDown 
Country Or State is not Present in DropDown 
Country Or State is not Present in DropDown 
Country Or State is not Present in DropDown 
Country Or State is not Present in DropDown 
Country Or State is not Present in DropDown 
Country Or State is not Present in DropDown 
Country Or State is not Present in DropDown 
Country Or State is not Present in DropDown 
Country Or State is not Present in DropDown 
Country Or State is not Present in DropDown 
Country Or State is not Present in DropDown 
Country Or State is not Present in DropDown 
Country Or State is not Present in DropDown 
Country Or State is not Present in DropDown 
Country Or State is not Present in DropDown 
Country Or State is not Present in DropDown 
Country Or State is not Present in DropDown 
Country Or State is not Present in DropDown 
Country Or State is not Present in DropDown 
Country Or State is not Present in DropDown 
Country Or State is not Present in DropDown 
Country Or State is not Present in DropDown 
Country Or State is not Present in DropDown 
Country Or State is not Present in DropDown 
Country Or State is not Present in DropDown 
Country Or State is not Present in DropDown 
Country Or State is not Present in DropDown 
Country Or State is not Present in DropDown 
Country Or State is not Present in DropDown 
Country Or State is not Present in DropDown 
Country Or State is not Present in DropDown 
Country Or State is not Present in DropDown 
Country Or State is not Present in DropDown 
Country Or State is not Present in DropDown 
Country Or State is not Present in DropDown 
Country Or State is not Present in DropDown 
Country Or State is not Present in DropDown 
Country Or State is not Present in DropDown 
Country Or State is not Present in DropDown 
Country Or State is not Present in DropDown 
Country Or State is not Present in DropDown 
Country Or State is not Present in DropDown 
Country Or State is not Present in DropDown 
Country Or State is not Present in DropDown 
Country Or State is not Present in DropDown 
Country Or State is not Present in DropDown 
Country Or State is not Present in DropDown 
Country Or State is not Present in DropDown 
Country Or State is not Present in DropDown 
Country Or State is not Present in DropDown 
Country Or State is not Present in DropDown 
Country Or State is not Present in DropDown 
Country Or State is not Present in DropDown 
Country Or State is not Present in DropDown 
Country Or State is not Present in DropDown 
Country Or State is not Present in DropDown 
Country Or State is not Present in DropDown 
Country Or State is not Present in DropDown 
Country Or State is not Present in DropDown 
Country Or State is not Present in DropDown 
Country Or State is not Present in DropDown 
Country Or State is not Present in DropDown 
Country Or State is not Present in DropDown 
Country Or State is not Present in DropDown 
Country Or State is not Present in DropDown 
Country Or State is not Present in DropDown 
Country Or State is not Present in DropDown 
Country Or State is not Present in DropDown 
Country Or State is not Present in DropDown 
Country Or State Present in DropDown and selected
Country Or State is not Present in DropDown 
Country Or State is not Present in DropDown 
Country Or State is not Present in DropDown 
Country Or State is not Present in DropDown 
Country Or State is not Present in DropDown 
Country Or State is not Present in DropDown 
Country Or State is not Present in DropDown 
Country Or State is not Present in DropDown 
Country Or State is not Present in DropDown 
Country Or State is not Present in DropDown 
Country Or State is not Present in DropDown 
Country Or State is not Present in DropDown 
Country Or State is not Present in DropDown 
Country Or State is not Present in DropDown 
Country Or State is not Present in DropDown 
Country Or State Present in DropDown and selected
Overlays Size2
Overlays is invisible 
]]></system-out>
    <system-err><![CDATA[Jun 03, 2024 4:16:07 PM org.openqa.selenium.devtools.CdpVersionFinder findNearestMatch
WARNING: Unable to find CDP implementation matching 125
Jun 03, 2024 4:16:07 PM org.openqa.selenium.chromium.ChromiumDriver lambda$new$5
WARNING: Unable to find version of CDP to use for 125.0.6422.113. You may need to include a dependency on a specific version of the CDP using something similar to `org.seleniumhq.selenium:selenium-devtools-v86:4.15.0` where the version ("v86") matches the version of the chromium-based browser you're using and the version number of the artifact is the same as Selenium's.
]]></system-err>
  </testcase>
</testsuite>