<?xml version="1.0" encoding="UTF-8"?>
<!-- Generated by org.testng.reporters.JUnitReportReporter -->
<testsuite hostname="Sunils-MacBook-Air.local" failures="0" tests="2" name="org.selenium.pom.tests.SearchTest" time="2.750" errors="0" timestamp="2024-11-13T22:09:41 IST" skipped="0">
  <testcase classname="org.selenium.pom.tests.SearchTest" name="SearchWithPartialTest" time="2.390"/>
  <testcase classname="org.selenium.pom.tests.SearchTest" name="dummytest3" time="0.360"/>
</testsuite> <!-- org.selenium.pom.tests.SearchTest -->
