<?xml version="1.0" encoding="UTF-8"?>
<!-- Generated by org.testng.reporters.JUnitReportReporter -->
<testsuite hostname="Sunils-MacBook-Air.local" failures="0" tests="2" name="org.selenium.pom.tests.CheckOutTest" time="30.139" errors="0" timestamp="2025-09-20T13:29:54 IST" skipped="0">
  <testcase classname="org.selenium.pom.tests.CheckOutTest" name="loginAndCheckOutUsingDirectBankTransfer" time="16.605"/>
  <testcase classname="org.selenium.pom.tests.CheckOutTest" name="guestCheckOutUsingDirectBankTransfer" time="13.534"/>
</testsuite> <!-- org.selenium.pom.tests.CheckOutTest -->
