<?xml version="1.0" encoding="UTF-8"?>
<!-- Generated by org.testng.reporters.JUnitReportReporter -->
<testsuite hostname="L-C02GG2AEQ6LT" failures="0" tests="5" name="org.selenium.pom.tests.AddToCartTest" time="299.272" errors="0" timestamp="2024-08-18T09:57:34 IST" skipped="0">
  <testcase classname="org.selenium.pom.tests.AddToCartTest" name="addToCartFeaturedProduct" time="53.235"/>
  <testcase classname="org.selenium.pom.tests.AddToCartTest" name="addToCartFeaturedProduct" time="43.043"/>
  <testcase classname="org.selenium.pom.tests.AddToCartTest" name="addToCartFeaturedProduct" time="60.798"/>
  <testcase classname="org.selenium.pom.tests.AddToCartTest" name="addToCartProductFromStore" time="70.100"/>
  <testcase classname="org.selenium.pom.tests.AddToCartTest" name="addToCartFromStorePage" time="72.096"/>
</testsuite> <!-- org.selenium.pom.tests.AddToCartTest -->
