<?xml version="1.0" encoding="UTF-8"?>
<!-- Generated by org.testng.reporters.JUnitReportReporter -->
<testsuite hostname="Sunils-MacBook-Air.local" failures="0" tests="2" name="org.selenium.pom.tests.SearchTest" time="2.198" errors="0" timestamp="2025-09-20T18:27:21 IST" skipped="0">
  <testcase classname="org.selenium.pom.tests.SearchTest" name="SearchWithPartialTest" time="1.954"/>
  <testcase classname="org.selenium.pom.tests.SearchTest" name="dummytest3" time="0.244"/>
</testsuite> <!-- org.selenium.pom.tests.SearchTest -->
