<?xml version="1.0" encoding="UTF-8"?>
<!-- Generated by org.testng.reporters.JUnitReportReporter -->
<testsuite hostname="L-C02GG2AEQ6LT" failures="0" tests="1" name="org.selenium.pom.tests.NavigationTest" time="30.081" errors="0" timestamp="2024-08-18T09:57:34 IST" skipped="0">
  <testcase classname="org.selenium.pom.tests.NavigationTest" name="NavigateFromHomeToStoreUsingMainMenu" time="30.081"/>
</testsuite> <!-- org.selenium.pom.tests.NavigationTest -->
