<?xml version="1.0" encoding="UTF-8"?>
<!-- Generated by org.testng.reporters.JUnitReportReporter -->
<testsuite hostname="L-C02GG2AEQ6LT" failures="0" tests="2" name="org.selenium.pom.tests.MyFirstTestCase" time="217.703" errors="0" timestamp="2024-07-09T17:28:25 IST" skipped="0">
  <testcase classname="org.selenium.pom.tests.MyFirstTestCase" name="guestUserAndCheckoutUsingDirectBankTransfer" time="108.308"/>
  <testcase classname="org.selenium.pom.tests.MyFirstTestCase" name="loginAndCheckoutUsingDirectBankTransfer" time="109.395"/>
</testsuite> <!-- org.selenium.pom.tests.MyFirstTestCase -->
