<?xml version="1.0" encoding="UTF-8"?>
<!-- Generated by org.testng.reporters.JUnitReportReporter -->
<testsuite hostname="L-C02GG2AEQ6LT" failures="0" tests="2" name="org.selenium.pom.tests.MyFirstTestCase" time="50.159" errors="0" timestamp="2024-06-03T16:16:22 IST" skipped="0">
  <testcase classname="org.selenium.pom.tests.MyFirstTestCase" name="guestUserAndCheckoutUsingDirectBankTransfer" time="30.933"/>
  <testcase classname="org.selenium.pom.tests.MyFirstTestCase" name="loginAndCheckoutUsingDirectBankTransfer" time="19.226"/>
</testsuite> <!-- org.selenium.pom.tests.MyFirstTestCase -->
