<?xml version="1.0" encoding="UTF-8"?>
<!-- Generated by org.testng.reporters.JUnitReportReporter -->
<testsuite hostname="Sunils-MacBook-Air.local" failures="0" tests="5" name="org.selenium.pom.tests.AddToCartTest" time="46.154" errors="0" timestamp="2025-09-20T18:27:21 IST" skipped="0">
  <testcase classname="org.selenium.pom.tests.AddToCartTest" name="addToCartFromStorePage" time="10.274"/>
  <testcase classname="org.selenium.pom.tests.AddToCartTest" name="addToCartFeaturedProduct" time="8.823"/>
  <testcase classname="org.selenium.pom.tests.AddToCartTest" name="addToCartFeaturedProduct" time="9.338"/>
  <testcase classname="org.selenium.pom.tests.AddToCartTest" name="addToCartProductFromStore" time="9.401"/>
  <testcase classname="org.selenium.pom.tests.AddToCartTest" name="addToCartFeaturedProduct" time="8.318"/>
</testsuite> <!-- org.selenium.pom.tests.AddToCartTest -->
