<?xml version="1.0" encoding="UTF-8"?>
<!-- Generated by org.testng.reporters.JUnitReportReporter -->
<testsuite hostname="L-C02GG2AEQ6LT" failures="0" tests="2" name="org.selenium.pom.tests.CheckOutTest" time="217.645" errors="0" timestamp="2024-07-09T17:28:25 IST" skipped="0">
  <testcase classname="org.selenium.pom.tests.CheckOutTest" name="guestCheckOutUsingDirectBankTransfer" time="108.549"/>
  <testcase classname="org.selenium.pom.tests.CheckOutTest" name="loginAndCheckOutUsingDirectBankTransfer" time="109.096"/>
</testsuite> <!-- org.selenium.pom.tests.CheckOutTest -->
