<?xml version="1.0" encoding="UTF-8"?>
<!-- Generated by org.testng.reporters.JUnitReportReporter -->
<testsuite hostname="Sunils-MacBook-Air.local" failures="0" tests="1" name="org.selenium.pom.tests.LoginTest" time="12.113" errors="0" timestamp="2025-09-20T18:27:21 IST" skipped="0">
  <testcase classname="org.selenium.pom.tests.LoginTest" name="loginDuringCheckOut" time="12.113"/>
</testsuite> <!-- org.selenium.pom.tests.LoginTest -->
