<?xml version="1.0" encoding="UTF-8"?>
<!-- Generated by org.testng.reporters.JUnitReportReporter -->
<testsuite hostname="L-C02GG2AEQ6LT" failures="0" tests="1" name="org.selenium.pom.tests.AddToCartTest" time="49.581" errors="0" timestamp="2024-07-09T17:28:25 IST" skipped="0">
  <testcase classname="org.selenium.pom.tests.AddToCartTest" name="addToCartFromStorePage" time="49.581"/>
</testsuite> <!-- org.selenium.pom.tests.AddToCartTest -->
