<?xml version="1.0" encoding="UTF-8"?>
<!-- Generated by org.testng.reporters.JUnitReportReporter -->
<testsuite hostname="Sunils-MacBook-Air.local" failures="0" tests="5" name="org.selenium.pom.tests.AddToCartTest" time="40.895" errors="0" timestamp="2025-09-20T13:29:54 IST" skipped="0">
  <testcase classname="org.selenium.pom.tests.AddToCartTest" name="addToCartFromStorePage" time="8.523"/>
  <testcase classname="org.selenium.pom.tests.AddToCartTest" name="addToCartFeaturedProduct" time="8.100"/>
  <testcase classname="org.selenium.pom.tests.AddToCartTest" name="addToCartProductFromStore" time="8.085"/>
  <testcase classname="org.selenium.pom.tests.AddToCartTest" name="addToCartFeaturedProduct" time="8.403"/>
  <testcase classname="org.selenium.pom.tests.AddToCartTest" name="addToCartFeaturedProduct" time="7.784"/>
</testsuite> <!-- org.selenium.pom.tests.AddToCartTest -->
