<?xml version="1.0" encoding="UTF-8"?>
<!-- Generated by org.testng.reporters.JUnitReportReporter -->
<testsuite hostname="Sunils-MacBook-Air.local" failures="0" tests="2" name="org.selenium.pom.tests.SearchTest" time="4.613" errors="0" timestamp="2025-09-20T13:29:54 IST" skipped="0">
  <testcase classname="org.selenium.pom.tests.SearchTest" name="SearchWithPartialTest" time="4.364"/>
  <testcase classname="org.selenium.pom.tests.SearchTest" name="dummytest3" time="0.249"/>
</testsuite> <!-- org.selenium.pom.tests.SearchTest -->
